{"message":"","level":"error"}
{"message":"Cannot read property 'connection' of undefined","level":"error"}
{"message":"failed to connect to server [localhost:27017] on first connect [MongoNetworkError: connect ECONNREFUSED 127.0.0.1:27017]","level":"error"}
{"message":"failed to connect to server [localhost:27017] on first connect [MongoNetworkError: connect ECONNREFUSED 127.0.0.1:27017]","level":"error"}
{"message":"failed to connect to server [localhost:27017] on first connect [MongoNetworkError: connect ECONNREFUSED 127.0.0.1:27017]","level":"error"}
{"message":"Connected to Mongo","level":"info"}
{"message":"_appLogger2.default.success is not a function","level":"error"}
{"message":"Connected to Mongo","level":"info"}
{"message":"Connected to Mongo","level":"info"}
{"message":"mongodb://localhost/user-service","level":"info"}
{"message":"Connected to Mongo","level":"info"}
{"message":"mongodb://localhost/user-service","level":"info"}
{"message":"Connected to Mongo","level":"info"}
{"message":"mongodb://localhost/user-service","level":"info"}
{"message":"Connected to Mongo","level":"info"}
{"message":"mongodb://localhost/user-service","level":"info"}
{"message":"Connected to Mongo","level":"info"}
{"message":"mongodb://localhost/user-service","level":"info"}
{"message":"Connected to Mongo","level":"info"}
{"message":"mongodb://localhost/user-service","level":"info"}
{"message":"Connected to Mongo","level":"info"}
{"message":"mongodb://localhost/user-service","level":"info"}
{"message":"Connected to Mongo","level":"info"}
{"message":"mongodb://localhost/user-service","level":"info"}
{"message":"Connected to Mongo","level":"info"}
{"message":"mongodb://localhost/user-service","level":"info"}
{"message":"Connected to Mongo","level":"info"}
{"message":"mongodb://localhost/user-service","level":"info"}
{"message":"Connected to Mongo","level":"info"}
